<?xml version="1.0" encoding="UTF-8"?>
<!-- Generated by org.testng.reporters.JUnitXMLReporter -->
<testsuite ignored="0" hostname="DESKTOP-3FVSPQE" failures="1" tests="3" name="Test" time="0.173" errors="0" timestamp="2021-05-06T14:45:49 IST">
  <testcase classname="Academy.E2EProject.HomePage" name="@BeforeTest initialize" time="0.08">
    <failure type="java.lang.AbstractMethodError" message="Receiver class org.openqa.selenium.chrome.ChromeDriverService$Builder does not define or inherit an implementation of the resolved method &amp;apos;abstract org.openqa.selenium.remote.service.DriverService createDriverService(java.io.File, int, com.google.common.collect.ImmutableList, com.google.common.collect.ImmutableMap)&amp;apos; of abstract class org.openqa.selenium.remote.service.DriverService$Builder.">
      <![CDATA[java.lang.AbstractMethodError: Receiver class org.openqa.selenium.chrome.ChromeDriverService$Builder does not define or inherit an implementation of the resolved method 'abstract org.openqa.selenium.remote.service.DriverService createDriverService(java.io.File, int, com.google.common.collect.ImmutableList, com.google.common.collect.ImmutableMap)' of abstract class org.openqa.selenium.remote.service.DriverService$Builder.
at org.openqa.selenium.remote.service.DriverService$Builder.build(DriverService.java:360)
at org.openqa.selenium.chrome.ChromeDriverService.createDefaultService(ChromeDriverService.java:118)
at org.openqa.selenium.chrome.ChromeDriver.<init>(ChromeDriver.java:105)
at resources.base.initializeDriver(base.java:27)
at Academy.E2EProject.HomePage.initialize(HomePage.java:21)
... Removed 24 stack frames]]>
    </failure>
  </testcase> <!-- @BeforeTest initialize -->
  <testcase classname="Academy.E2EProject.ValidateNavigation" name="@BeforeTest initialize" time="-1.620292549702E9">
    <skipped/>
  </testcase> <!-- @BeforeTest initialize -->
  <testcase classname="Academy.E2EProject.ValidateTitle" name="@BeforeTest initialize" time="-1.620292549705E9">
    <skipped/>
  </testcase> <!-- @BeforeTest initialize -->
  <testcase classname="Academy.E2EProject.HomePage" name="@AfterTest teardown" time="-1.620292549773E9">
    <skipped/>
  </testcase> <!-- @AfterTest teardown -->
  <testcase classname="Academy.E2EProject.ValidateNavigation" name="@AfterTest teardown" time="-1.620292549774E9">
    <skipped/>
  </testcase> <!-- @AfterTest teardown -->
  <testcase classname="Academy.E2EProject.ValidateTitle" name="@AfterTest teardown" time="-1.620292549775E9">
    <skipped/>
  </testcase> <!-- @AfterTest teardown -->
  <testcase classname="Academy.E2EProject.HomePage" name="initialize" time="0.011">
    <failure type="org.testng.internal.reflect.MethodMatcherException" message="
[public void Academy.E2EProject.HomePage.initialize() throws java.io.IOException] has no parameters defined but was found to be using a data provider (either explicitly specified or inherited from class level annotation).
Data provider mismatch
Method: initialize([])
Arguments: [(java.lang.String) nonrestricteduser,(java.lang.String) 123]">
      <![CDATA[org.testng.internal.reflect.MethodMatcherException: 
[public void Academy.E2EProject.HomePage.initialize() throws java.io.IOException] has no parameters defined but was found to be using a data provider (either explicitly specified or inherited from class level annotation).
Data provider mismatch
Method: initialize([])
Arguments: [(java.lang.String) nonrestricteduser,(java.lang.String) 123]
at java.base/java.util.ArrayList.forEach(ArrayList.java:1511)
... Removed 22 stack frames]]>
    </failure>
  </testcase> <!-- initialize -->
  <testcase classname="Academy.E2EProject.ValidateNavigation" name="basePageNavigation" time="0.0">
    <skipped/>
  </testcase> <!-- basePageNavigation -->
  <testcase classname="Academy.E2EProject.ValidateTitle" name="initialize" time="0.0">
    <skipped/>
  </testcase> <!-- initialize -->
</testsuite> <!-- Test -->
