<?xml version="1.0" encoding="UTF-8"?>
<!-- Generated by org.testng.reporters.JUnitXMLReporter -->
<testsuite hostname="DESKTOP-3FVSPQE" ignored="0" name="Test" tests="3" failures="1" timestamp="2021-05-06T19:24:47 IST" time="0.163" errors="0">
  <testcase name="@BeforeTest initialize" time="0.102" classname="Academy.E2EProject.HomePage">
    <failure type="java.lang.AbstractMethodError" message="org.openqa.selenium.remote.service.DriverService$Builder.createDriverService(Ljava/io/File;ILcom/google/common/collect/ImmutableList;Lcom/google/common/collect/ImmutableMap;)Lorg/openqa/selenium/remote/service/DriverService;">
      <![CDATA[java.lang.AbstractMethodError: org.openqa.selenium.remote.service.DriverService$Builder.createDriverService(Ljava/io/File;ILcom/google/common/collect/ImmutableList;Lcom/google/common/collect/ImmutableMap;)Lorg/openqa/selenium/remote/service/DriverService;
at org.openqa.selenium.remote.service.DriverService$Builder.build(DriverService.java:360)
at org.openqa.selenium.chrome.ChromeDriverService.createDefaultService(ChromeDriverService.java:118)
at org.openqa.selenium.chrome.ChromeDriver.<init>(ChromeDriver.java:105)
at resources.base.initializeDriver(base.java:27)
at Academy.E2EProject.HomePage.initialize(HomePage.java:25)
... Removed 28 stack frames]]>
    </failure>
  </testcase> <!-- @BeforeTest initialize -->
  <testcase name="@BeforeTest initialize" time="-1.620309286982E9" classname="Academy.E2EProject.ValidateNavigation">
    <skipped/>
  </testcase> <!-- @BeforeTest initialize -->
  <testcase name="@BeforeTest initialize" time="-1.620309286982E9" classname="Academy.E2EProject.ValidateTitle">
    <skipped/>
  </testcase> <!-- @BeforeTest initialize -->
  <testcase name="@AfterTest teardown" time="-1.620309287024E9" classname="Academy.E2EProject.HomePage">
    <skipped/>
  </testcase> <!-- @AfterTest teardown -->
  <testcase name="@AfterTest teardown" time="-1.620309287024E9" classname="Academy.E2EProject.ValidateNavigation">
    <skipped/>
  </testcase> <!-- @AfterTest teardown -->
  <testcase name="@AfterTest teardown" time="-1.620309287025E9" classname="Academy.E2EProject.ValidateTitle">
    <skipped/>
  </testcase> <!-- @AfterTest teardown -->
  <testcase name="initialize" time="0.014" classname="Academy.E2EProject.HomePage">
    <failure type="org.testng.internal.reflect.MethodMatcherException" message="
[public void Academy.E2EProject.HomePage.initialize() throws java.io.IOException] has no parameters defined but was found to be using a data provider (either explicitly specified or inherited from class level annotation).
Data provider mismatch
Method: initialize([])
Arguments: [(java.lang.String) nonrestricteduser,(java.lang.String) 123]">
      <![CDATA[org.testng.internal.reflect.MethodMatcherException: 
[public void Academy.E2EProject.HomePage.initialize() throws java.io.IOException] has no parameters defined but was found to be using a data provider (either explicitly specified or inherited from class level annotation).
Data provider mismatch
Method: initialize([])
Arguments: [(java.lang.String) nonrestricteduser,(java.lang.String) 123]
at java.util.ArrayList.forEach(Unknown Source)
... Removed 26 stack frames]]>
    </failure>
  </testcase> <!-- initialize -->
  <testcase name="basePageNavigation" time="0.0" classname="Academy.E2EProject.ValidateNavigation">
    <skipped/>
  </testcase> <!-- basePageNavigation -->
  <testcase name="initialize" time="0.0" classname="Academy.E2EProject.ValidateTitle">
    <skipped/>
  </testcase> <!-- initialize -->
</testsuite> <!-- Test -->
